{"level":"error","message":"AI Engine response error Error","service":"pharmalens-server","timestamp":"2025-12-03T05:06:22.599Z","url":"/api/analyze","version":"1.0.0"}
{"level":"error","message":"AI Engine response error Error","service":"pharmalens-server","timestamp":"2025-12-03T05:06:58.525Z","url":"/api/analyze","version":"1.0.0"}
{"level":"error","message":"AI Engine response error Error","service":"pharmalens-server","timestamp":"2025-12-03T05:07:28.548Z","url":"/api/analyze","version":"1.0.0"}
{"level":"error","message":"AI Engine response error Error","service":"pharmalens-server","timestamp":"2025-12-03T05:07:51.806Z","url":"/api/analyze","version":"1.0.0"}
{"level":"error","message":"AI Engine response error Error","service":"pharmalens-server","timestamp":"2025-12-03T05:09:28.241Z","url":"/api/analyze","version":"1.0.0"}
{"level":"error","message":"AI Engine response error Error","service":"pharmalens-server","timestamp":"2025-12-03T07:11:10.677Z","url":"/api/analyze","version":"1.0.0"}
{"level":"error","message":"AI Engine response error Error","service":"pharmalens-server","timestamp":"2025-12-04T07:34:31.564Z","url":"/api/analyze","version":"1.0.0"}
{"level":"error","message":"AI Engine response error Error","service":"pharmalens-server","timestamp":"2025-12-04T07:37:51.437Z","url":"/api/analyze","version":"1.0.0"}
{"level":"error","message":"AI Engine response error Error","service":"pharmalens-server","timestamp":"2025-12-04T07:38:41.691Z","url":"/api/analyze","version":"1.0.0"}
{"level":"error","message":"AI Engine response error Error","service":"pharmalens-server","timestamp":"2025-12-04T07:39:43.117Z","url":"/api/analyze","version":"1.0.0"}
{"level":"error","message":"AI Engine response error Error","service":"pharmalens-server","timestamp":"2025-12-04T07:41:25.664Z","url":"/api/analyze","version":"1.0.0"}
{"level":"error","message":"AI Engine response error Error","service":"pharmalens-server","timestamp":"2025-12-04T07:42:31.077Z","url":"/api/analyze","version":"1.0.0"}
{"level":"error","message":"AI Engine response error Error","service":"pharmalens-server","timestamp":"2025-12-04T07:43:34.896Z","url":"/api/analyze","version":"1.0.0"}
{"level":"error","message":"AI Engine response error Error","service":"pharmalens-server","timestamp":"2025-12-04T07:44:19.460Z","url":"/api/analyze","version":"1.0.0"}
{"level":"error","message":"AI Engine response error Error","service":"pharmalens-server","timestamp":"2025-12-04T07:45:17.415Z","url":"/api/analyze","version":"1.0.0"}
{"level":"error","message":"AI Engine response error Error","service":"pharmalens-server","timestamp":"2025-12-05T09:43:34.481Z","url":"/api/analyze","version":"1.0.0"}
{"level":"error","message":"AI Engine response error Error","service":"pharmalens-server","timestamp":"2025-12-05T09:44:03.056Z","url":"/api/analyze","version":"1.0.0"}
{"level":"error","message":"AI Engine response error Error","service":"pharmalens-server","timestamp":"2025-12-05T09:44:28.931Z","url":"/api/analyze","version":"1.0.0"}
{"level":"error","message":"AI Engine response error Error","service":"pharmalens-server","timestamp":"2025-12-05T09:45:24.712Z","url":"/api/analyze","version":"1.0.0"}
{"level":"error","message":"AI Engine response error Error","service":"pharmalens-server","timestamp":"2025-12-05T09:47:09.687Z","url":"/api/analyze","version":"1.0.0"}
{"level":"error","message":"AI Engine response error Error","service":"pharmalens-server","timestamp":"2025-12-05T09:47:34.371Z","url":"/api/analyze","version":"1.0.0"}
{"level":"error","message":"AI Engine response error Error","service":"pharmalens-server","timestamp":"2025-12-05T09:47:54.665Z","url":"/api/analyze","version":"1.0.0"}
{"level":"error","message":"AI Engine response error Error","service":"pharmalens-server","timestamp":"2025-12-05T09:48:07.536Z","url":"/api/analyze","version":"1.0.0"}
{"level":"error","message":"AI Engine response error Error","service":"pharmalens-server","timestamp":"2025-12-05T09:48:21.715Z","url":"/api/analyze","version":"1.0.0"}
{"level":"error","message":"AI Engine response error Error","service":"pharmalens-server","timestamp":"2025-12-05T09:48:56.316Z","url":"/api/analyze","version":"1.0.0"}
{"level":"error","message":"AI Engine response error Error","service":"pharmalens-server","timestamp":"2025-12-05T09:49:11.819Z","url":"/api/analyze","version":"1.0.0"}
{"level":"error","message":"AI Engine response error Error","service":"pharmalens-server","timestamp":"2025-12-05T09:49:30.775Z","url":"/api/analyze","version":"1.0.0"}
{"level":"error","message":"AI Engine response error Error","service":"pharmalens-server","timestamp":"2025-12-05T09:49:42.916Z","url":"/api/analyze","version":"1.0.0"}
{"level":"error","message":"AI Engine response error Error","service":"pharmalens-server","timestamp":"2025-12-05T09:49:59.627Z","url":"/api/analyze","version":"1.0.0"}
{"level":"error","message":"AI Engine response error Error","service":"pharmalens-server","timestamp":"2025-12-05T09:50:11.931Z","url":"/api/analyze","version":"1.0.0"}
{"level":"error","message":"AI Engine response error Error","service":"pharmalens-server","timestamp":"2025-12-05T09:50:30.535Z","url":"/api/analyze","version":"1.0.0"}
{"level":"error","message":"AI Engine response error Error","service":"pharmalens-server","timestamp":"2025-12-05T09:51:20.890Z","url":"/api/analyze","version":"1.0.0"}
{"level":"error","message":"AI Engine response error Error","service":"pharmalens-server","timestamp":"2025-12-05T09:51:50.492Z","url":"/api/analyze","version":"1.0.0"}
{"level":"error","message":"AI Engine response error Error","service":"pharmalens-server","timestamp":"2025-12-05T09:52:02.581Z","url":"/api/analyze","version":"1.0.0"}
{"level":"error","message":"AI Engine response error Error","service":"pharmalens-server","timestamp":"2025-12-05T09:52:34.109Z","url":"/api/analyze","version":"1.0.0"}
{"level":"error","message":"AI Engine response error Error","service":"pharmalens-server","timestamp":"2025-12-05T09:52:56.699Z","url":"/api/analyze","version":"1.0.0"}
{"level":"error","message":"AI Engine response error Error","service":"pharmalens-server","timestamp":"2025-12-05T09:54:15.892Z","url":"/api/analyze","version":"1.0.0"}
{"level":"error","message":"AI Engine response error Error","service":"pharmalens-server","timestamp":"2025-12-05T09:54:34.541Z","url":"/api/analyze","version":"1.0.0"}
{"level":"error","message":"AI Engine response error Error","service":"pharmalens-server","timestamp":"2025-12-05T09:55:08.796Z","url":"/api/analyze","version":"1.0.0"}
{"level":"error","message":"AI Engine response error Error","service":"pharmalens-server","timestamp":"2025-12-05T09:55:28.833Z","url":"/api/analyze","version":"1.0.0"}
{"level":"error","message":"AI Engine response error Error","service":"pharmalens-server","timestamp":"2025-12-05T09:58:28.826Z","url":"/api/analyze","version":"1.0.0"}
{"level":"error","message":"AI Engine response error Error","service":"pharmalens-server","timestamp":"2025-12-05T09:59:02.102Z","url":"/api/analyze","version":"1.0.0"}
{"level":"error","message":"AI Engine response error Error","service":"pharmalens-server","timestamp":"2025-12-05T10:09:32.053Z","url":"/api/analyze","version":"1.0.0"}
{"level":"error","message":"AI Engine response error Error","service":"pharmalens-server","timestamp":"2025-12-05T10:20:02.940Z","url":"/api/analyze","version":"1.0.0"}
{"level":"error","message":"AI Engine response error Error","service":"pharmalens-server","timestamp":"2025-12-05T10:23:25.193Z","url":"/api/analyze","version":"1.0.0"}
{"level":"error","message":"AI Engine response error Error","service":"pharmalens-server","timestamp":"2025-12-05T10:25:12.404Z","url":"/api/analyze","version":"1.0.0"}
{"level":"error","message":"AI Engine response error Error","service":"pharmalens-server","timestamp":"2025-12-05T10:28:06.088Z","url":"/api/analyze","version":"1.0.0"}
{"level":"error","message":"AI Engine response error Error","service":"pharmalens-server","timestamp":"2025-12-05T10:28:34.416Z","url":"/api/analyze","version":"1.0.0"}
{"level":"error","message":"AI Engine response error Error","service":"pharmalens-server","timestamp":"2025-12-05T10:52:00.856Z","url":"/api/analyze","version":"1.0.0"}
{"level":"error","message":"AI Engine response error Error","service":"pharmalens-server","timestamp":"2025-12-05T10:53:14.517Z","url":"/api/analyze","version":"1.0.0"}
{"level":"error","message":"AI Engine response error Error","service":"pharmalens-server","timestamp":"2025-12-05T10:53:38.175Z","url":"/api/analyze","version":"1.0.0"}
{"level":"error","message":"AI Engine response error Error","service":"pharmalens-server","timestamp":"2025-12-05T10:55:15.992Z","url":"/api/analyze","version":"1.0.0"}
{"level":"error","message":"AI Engine response error Error","service":"pharmalens-server","timestamp":"2025-12-05T10:55:44.064Z","url":"/api/analyze","version":"1.0.0"}
{"level":"error","message":"AI Engine response error Error","service":"pharmalens-server","timestamp":"2025-12-05T10:56:09.645Z","url":"/api/analyze","version":"1.0.0"}
{"level":"error","message":"AI Engine response error Error","service":"pharmalens-server","timestamp":"2025-12-05T10:56:54.487Z","url":"/api/analyze","version":"1.0.0"}
{"level":"error","message":"AI Engine response error Error","service":"pharmalens-server","timestamp":"2025-12-05T11:01:55.886Z","url":"/api/analyze","version":"1.0.0"}
{"level":"error","message":"AI Engine response error Error","service":"pharmalens-server","timestamp":"2025-12-05T11:04:00.414Z","url":"/api/analyze","version":"1.0.0"}
{"level":"error","message":"AI Engine response error Error","service":"pharmalens-server","timestamp":"2025-12-05T11:37:23.344Z","url":"/api/analyze","version":"1.0.0"}
{"level":"error","message":"AI Engine response error Error","service":"pharmalens-server","timestamp":"2025-12-05T11:49:21.579Z","url":"/api/analyze","version":"1.0.0"}
{"level":"error","message":"AI Engine response error Error","service":"pharmalens-server","timestamp":"2025-12-05T11:53:33.899Z","url":"/api/analyze","version":"1.0.0"}
{"level":"error","message":"AI Engine response error Request failed with status code 500","service":"pharmalens-server","status":500,"timestamp":"2025-12-05T11:55:17.762Z","url":"/api/analyze","version":"1.0.0"}
{"duration":2333,"error":"Request failed with status code 500","level":"error","message":"Research processing failed","requestId":"216c5819-76a4-446e-aaaf-10a5d8091f2f","service":"pharmalens-server","stack":"AxiosError: Request failed with status code 500\n    at settle (D:\\Project\\PharmaLens\\server\\node_modules\\axios\\dist\\node\\axios.cjs:2106:12)\n    at IncomingMessage.handleStreamEnd (D:\\Project\\PharmaLens\\server\\node_modules\\axios\\dist\\node\\axios.cjs:3491:11)\n    at IncomingMessage.emit (node:events:531:35)\n    at endReadableNT (node:internal/streams/readable:1698:12)\n    at process.processTicksAndRejections (node:internal/process/task_queues:90:21)\n    at Axios.request (D:\\Project\\PharmaLens\\server\\node_modules\\axios\\dist\\node\\axios.cjs:4731:41)\n    at process.processTicksAndRejections (node:internal/process/task_queues:105:5)\n    at async Object.analyzeCompound (D:\\Project\\PharmaLens\\server\\src\\services\\aiEngineService.js:74:22)\n    at async processResearch (D:\\Project\\PharmaLens\\server\\src\\controllers\\researchController.js:86:29)","timestamp":"2025-12-05T11:55:17.764Z","version":"1.0.0"}
{"level":"error","message":"AI Engine response error Error","service":"pharmalens-server","timestamp":"2025-12-05T18:20:09.295Z","url":"/api/analyze","version":"1.0.0"}
{"level":"error","message":"AI Engine response error Error","service":"pharmalens-server","timestamp":"2025-12-06T05:49:42.688Z","url":"/api/analyze","version":"1.0.0"}
{"level":"error","message":"AI Engine response error Error","service":"pharmalens-server","timestamp":"2025-12-06T06:22:38.411Z","url":"/api/analyze","version":"1.0.0"}
{"level":"error","message":"AI Engine response error Error","service":"pharmalens-server","timestamp":"2025-12-06T06:23:14.359Z","url":"/api/analyze","version":"1.0.0"}
{"level":"error","message":"AI Engine response error Error","service":"pharmalens-server","timestamp":"2025-12-06T06:28:46.964Z","url":"/api/analyze","version":"1.0.0"}
{"level":"error","message":"AI Engine response error Error","service":"pharmalens-server","timestamp":"2025-12-06T06:33:58.575Z","url":"/api/analyze","version":"1.0.0"}
{"level":"error","message":"AI Engine response error Error","service":"pharmalens-server","timestamp":"2025-12-06T06:36:31.438Z","url":"/api/analyze","version":"1.0.0"}
{"level":"error","message":"AI Engine response error Error","service":"pharmalens-server","timestamp":"2025-12-06T06:39:12.470Z","url":"/api/analyze","version":"1.0.0"}
{"level":"error","message":"AI Engine response error Error","service":"pharmalens-server","timestamp":"2025-12-06T06:45:51.102Z","url":"/api/analyze","version":"1.0.0"}
{"level":"error","message":"AI Engine response error Error","service":"pharmalens-server","timestamp":"2025-12-06T06:50:27.786Z","url":"/api/analyze","version":"1.0.0"}
{"level":"error","message":"AI Engine response error Error","service":"pharmalens-server","timestamp":"2025-12-06T06:59:28.425Z","url":"/api/analyze","version":"1.0.0"}
{"level":"error","message":"AI Engine response error Error","service":"pharmalens-server","timestamp":"2025-12-06T06:59:57.114Z","url":"/api/analyze","version":"1.0.0"}
{"level":"error","message":"AI Engine response error Error","service":"pharmalens-server","timestamp":"2025-12-06T07:05:50.329Z","url":"/api/analyze","version":"1.0.0"}
{"level":"error","message":"AI Engine response error Error","service":"pharmalens-server","timestamp":"2025-12-06T07:06:24.491Z","url":"/api/analyze","version":"1.0.0"}
{"level":"error","message":"AI Engine response error Error","service":"pharmalens-server","timestamp":"2025-12-06T07:07:29.934Z","url":"/api/analyze","version":"1.0.0"}
{"level":"error","message":"AI Engine response error Error","service":"pharmalens-server","timestamp":"2025-12-06T07:11:05.306Z","url":"/api/analyze","version":"1.0.0"}
{"level":"error","message":"AI Engine response error Error","service":"pharmalens-server","timestamp":"2025-12-06T07:11:48.261Z","url":"/api/analyze","version":"1.0.0"}
{"level":"error","message":"AI Engine response error Error","service":"pharmalens-server","timestamp":"2025-12-06T07:12:21.520Z","url":"/api/analyze","version":"1.0.0"}
{"level":"error","message":"AI Engine response error Error","service":"pharmalens-server","timestamp":"2025-12-06T07:13:10.242Z","url":"/api/analyze","version":"1.0.0"}
{"level":"error","message":"AI Engine response error Error","service":"pharmalens-server","timestamp":"2025-12-06T07:15:09.471Z","url":"/api/analyze","version":"1.0.0"}
{"level":"error","message":"AI Engine response error Error","service":"pharmalens-server","timestamp":"2025-12-06T07:15:32.988Z","url":"/api/analyze","version":"1.0.0"}
{"level":"error","message":"AI Engine response error Error","service":"pharmalens-server","timestamp":"2025-12-06T07:15:47.123Z","url":"/api/analyze","version":"1.0.0"}
{"level":"error","message":"AI Engine response error Error","service":"pharmalens-server","timestamp":"2025-12-06T07:29:37.956Z","url":"/api/analyze","version":"1.0.0"}
{"level":"error","message":"AI Engine response error Error","service":"pharmalens-server","timestamp":"2025-12-06T07:37:20.830Z","url":"/api/analyze","version":"1.0.0"}
{"level":"error","message":"AI Engine response error Error","service":"pharmalens-server","timestamp":"2025-12-06T07:39:13.954Z","url":"/api/analyze","version":"1.0.0"}
{"level":"error","message":"AI Engine response error Error","service":"pharmalens-server","timestamp":"2025-12-06T07:39:46.984Z","url":"/api/analyze","version":"1.0.0"}
{"level":"error","message":"AI Engine response error Error","service":"pharmalens-server","timestamp":"2025-12-06T07:55:36.515Z","url":"/api/analyze","version":"1.0.0"}
{"level":"error","message":"AI Engine response error Error","service":"pharmalens-server","timestamp":"2025-12-06T07:59:27.976Z","url":"/api/analyze","version":"1.0.0"}
{"level":"error","message":"AI Engine response error Error","service":"pharmalens-server","timestamp":"2025-12-06T08:08:10.065Z","url":"/api/analyze","version":"1.0.0"}
{"level":"error","message":"AI Engine response error Error","service":"pharmalens-server","timestamp":"2025-12-06T09:17:10.992Z","url":"/api/analyze","version":"1.0.0"}
{"level":"error","message":"AI Engine response error Error","service":"pharmalens-server","timestamp":"2025-12-06T09:41:28.343Z","url":"/api/analyze","version":"1.0.0"}
{"level":"error","message":"AI Engine response error Error","service":"pharmalens-server","timestamp":"2025-12-06T09:43:02.143Z","url":"/api/analyze","version":"1.0.0"}
{"level":"error","message":"AI Engine response error timeout of 120000ms exceeded","service":"pharmalens-server","timestamp":"2025-12-08T19:02:58.363Z","url":"/api/analyze","version":"1.0.0"}
{"duration":121125,"error":"timeout of 120000ms exceeded","level":"error","message":"Research processing failed","requestId":"92338be0-da45-4bb5-8545-a0aada5729a2","service":"pharmalens-server","stack":"AxiosError: timeout of 120000ms exceeded\n    at RedirectableRequest.handleRequestTimeout (D:\\PharmaLens\\server\\node_modules\\axios\\dist\\node\\axios.cjs:3552:15)\n    at RedirectableRequest.emit (node:events:519:28)\n    at Timeout._onTimeout (D:\\PharmaLens\\server\\node_modules\\follow-redirects\\index.js:221:12)\n    at listOnTimeout (node:internal/timers:588:17)\n    at process.processTimers (node:internal/timers:523:7)\n    at Axios.request (D:\\PharmaLens\\server\\node_modules\\axios\\dist\\node\\axios.cjs:4731:41)\n    at process.processTicksAndRejections (node:internal/process/task_queues:105:5)\n    at async Object.analyzeCompound (D:\\PharmaLens\\server\\src\\services\\aiEngineService.js:74:22)\n    at async processResearch (D:\\PharmaLens\\server\\src\\controllers\\researchController.js:86:29)","timestamp":"2025-12-08T19:02:58.544Z","version":"1.0.0"}
{"level":"error","message":"AI Engine response error timeout of 120000ms exceeded","service":"pharmalens-server","timestamp":"2025-12-08T19:05:34.348Z","url":"/api/analyze","version":"1.0.0"}
{"duration":120065,"error":"timeout of 120000ms exceeded","level":"error","message":"Research processing failed","requestId":"1a3d32b9-af9c-4b4d-8267-66b62d8d0ecb","service":"pharmalens-server","stack":"AxiosError: timeout of 120000ms exceeded\n    at RedirectableRequest.handleRequestTimeout (D:\\PharmaLens\\server\\node_modules\\axios\\dist\\node\\axios.cjs:3552:15)\n    at RedirectableRequest.emit (node:events:519:28)\n    at Timeout._onTimeout (D:\\PharmaLens\\server\\node_modules\\follow-redirects\\index.js:221:12)\n    at listOnTimeout (node:internal/timers:588:17)\n    at process.processTimers (node:internal/timers:523:7)\n    at Axios.request (D:\\PharmaLens\\server\\node_modules\\axios\\dist\\node\\axios.cjs:4731:41)\n    at process.processTicksAndRejections (node:internal/process/task_queues:105:5)\n    at async Object.analyzeCompound (D:\\PharmaLens\\server\\src\\services\\aiEngineService.js:74:22)\n    at async processResearch (D:\\PharmaLens\\server\\src\\controllers\\researchController.js:86:29)","timestamp":"2025-12-08T19:05:34.355Z","version":"1.0.0"}
{"level":"error","message":"AI Engine response error timeout of 120000ms exceeded","service":"pharmalens-server","timestamp":"2025-12-08T19:09:14.329Z","url":"/api/analyze","version":"1.0.0"}
{"duration":120102,"error":"timeout of 120000ms exceeded","level":"error","message":"Research processing failed","requestId":"8c61fdad-1411-4868-99df-37d32397cef3","service":"pharmalens-server","stack":"AxiosError: timeout of 120000ms exceeded\n    at RedirectableRequest.handleRequestTimeout (D:\\PharmaLens\\server\\node_modules\\axios\\dist\\node\\axios.cjs:3552:15)\n    at RedirectableRequest.emit (node:events:519:28)\n    at Timeout._onTimeout (D:\\PharmaLens\\server\\node_modules\\follow-redirects\\index.js:221:12)\n    at listOnTimeout (node:internal/timers:588:17)\n    at process.processTimers (node:internal/timers:523:7)\n    at Axios.request (D:\\PharmaLens\\server\\node_modules\\axios\\dist\\node\\axios.cjs:4731:41)\n    at process.processTicksAndRejections (node:internal/process/task_queues:105:5)\n    at async Object.analyzeCompound (D:\\PharmaLens\\server\\src\\services\\aiEngineService.js:74:22)\n    at async processResearch (D:\\PharmaLens\\server\\src\\controllers\\researchController.js:86:29)","timestamp":"2025-12-08T19:09:14.332Z","version":"1.0.0"}
{"level":"error","message":"AI Engine response error Error","service":"pharmalens-server","timestamp":"2025-12-08T19:14:56.422Z","url":"/api/analyze","version":"1.0.0"}
{"level":"error","message":"AI Engine response error timeout of 120000ms exceeded","service":"pharmalens-server","timestamp":"2025-12-08T19:22:42.582Z","url":"/api/analyze","version":"1.0.0"}
{"duration":120055,"error":"timeout of 120000ms exceeded","level":"error","message":"Research processing failed","requestId":"bcd96d41-dba5-4d3f-8055-2c1ec8275246","service":"pharmalens-server","stack":"AxiosError: timeout of 120000ms exceeded\n    at RedirectableRequest.handleRequestTimeout (D:\\PharmaLens\\server\\node_modules\\axios\\dist\\node\\axios.cjs:3552:15)\n    at RedirectableRequest.emit (node:events:519:28)\n    at Timeout._onTimeout (D:\\PharmaLens\\server\\node_modules\\follow-redirects\\index.js:221:12)\n    at listOnTimeout (node:internal/timers:588:17)\n    at process.processTimers (node:internal/timers:523:7)\n    at Axios.request (D:\\PharmaLens\\server\\node_modules\\axios\\dist\\node\\axios.cjs:4731:41)\n    at process.processTicksAndRejections (node:internal/process/task_queues:105:5)\n    at async Object.analyzeCompound (D:\\PharmaLens\\server\\src\\services\\aiEngineService.js:74:22)\n    at async processResearch (D:\\PharmaLens\\server\\src\\controllers\\researchController.js:86:29)","timestamp":"2025-12-08T19:22:42.589Z","version":"1.0.0"}
{"level":"error","message":"AI Engine response error Request failed with status code 500","service":"pharmalens-server","status":500,"timestamp":"2025-12-08T19:47:30.085Z","url":"/api/analyze","version":"1.0.0"}
{"duration":186138,"error":"Request failed with status code 500","level":"error","message":"Research processing failed","requestId":"3a7f6a1a-7150-4134-8c0b-e7d9e3aed213","service":"pharmalens-server","stack":"AxiosError: Request failed with status code 500\n    at settle (D:\\PharmaLens\\server\\node_modules\\axios\\dist\\node\\axios.cjs:2106:12)\n    at IncomingMessage.handleStreamEnd (D:\\PharmaLens\\server\\node_modules\\axios\\dist\\node\\axios.cjs:3491:11)\n    at IncomingMessage.emit (node:events:531:35)\n    at endReadableNT (node:internal/streams/readable:1698:12)\n    at process.processTicksAndRejections (node:internal/process/task_queues:90:21)\n    at Axios.request (D:\\PharmaLens\\server\\node_modules\\axios\\dist\\node\\axios.cjs:4731:41)\n    at process.processTicksAndRejections (node:internal/process/task_queues:105:5)\n    at async Object.analyzeCompound (D:\\PharmaLens\\server\\src\\services\\aiEngineService.js:74:22)\n    at async processResearch (D:\\PharmaLens\\server\\src\\controllers\\researchController.js:86:29)","timestamp":"2025-12-08T19:47:30.118Z","version":"1.0.0"}
{"level":"error","message":"AI Engine response error Error","service":"pharmalens-server","timestamp":"2025-12-09T07:27:35.889Z","url":"/api/analyze","version":"1.0.0"}
{"level":"error","message":"AI Engine response error Request failed with status code 500","service":"pharmalens-server","status":500,"timestamp":"2025-12-09T07:36:00.928Z","url":"/api/analyze","version":"1.0.0"}
{"duration":187408,"error":"Request failed with status code 500","level":"error","message":"Research processing failed","requestId":"d6981a34-4e86-4a45-a2b8-1ea2d5664ac9","service":"pharmalens-server","stack":"AxiosError: Request failed with status code 500\n    at settle (D:\\PharmaLens\\server\\node_modules\\axios\\dist\\node\\axios.cjs:2106:12)\n    at IncomingMessage.handleStreamEnd (D:\\PharmaLens\\server\\node_modules\\axios\\dist\\node\\axios.cjs:3491:11)\n    at IncomingMessage.emit (node:events:531:35)\n    at endReadableNT (node:internal/streams/readable:1698:12)\n    at process.processTicksAndRejections (node:internal/process/task_queues:90:21)\n    at Axios.request (D:\\PharmaLens\\server\\node_modules\\axios\\dist\\node\\axios.cjs:4731:41)\n    at process.processTicksAndRejections (node:internal/process/task_queues:105:5)\n    at async Object.analyzeCompound (D:\\PharmaLens\\server\\src\\services\\aiEngineService.js:75:22)\n    at async processResearch (D:\\PharmaLens\\server\\src\\controllers\\researchController.js:90:29)","timestamp":"2025-12-09T07:36:00.948Z","version":"1.0.0"}
{"level":"error","message":"AI Engine response error Error","service":"pharmalens-server","timestamp":"2025-12-09T08:56:06.995Z","url":"/api/analyze","version":"1.0.0"}
